apps/owner/build/app/intermediates/manifest_merge_blame_file/debug/manifest-merger-blame-debug-report.txt
1<?xml version="1.0" encoding="utf-8"?>
2<manifest xmlns:android="http://schemas.android.com/apk/res/android"
3    package="com.spotx.owner"
4    android:versionCode="34"
5    android:versionName="1.0.34" >
6
7    <uses-sdk
8        android:minSdkVersion="24"
9        android:targetSdkVersion="33" />
10    <!--
11         Flutter needs it to communicate with the running application
12         to allow setting breakpoints, to provide hot reload, etc.
13    -->
14    <uses-permission android:name="android.permission.INTERNET" />
14-->src/main/AndroidManifest.xml:6:5-66
14-->src/main/AndroidManifest.xml:6:22-64
15
16    <queries>
16-->src/main/AndroidManifest.xml:3:5-5:15
17        <package android:name="com.whatsapp" />
17-->src/main/AndroidManifest.xml:4:9-48
17-->src/main/AndroidManifest.xml:4:18-45
18        <!-- Needs to be explicitly declared on Android R+ -->
19        <package android:name="com.google.android.apps.maps" />
19-->[com.google.android.gms:play-services-maps:18.1.0] AndroidManifest.xml:33:9-64
19-->[com.google.android.gms:play-services-maps:18.1.0] AndroidManifest.xml:33:18-61
20    </queries>
21
22    <uses-permission android:name="android.permission.ACCESS_NETWORK_STATE" />
22-->src/main/AndroidManifest.xml:7:5-78
22-->src/main/AndroidManifest.xml:7:22-76
23    <uses-permission android:name="com.huawei.appmarket.service.commondata.permission.GET_COMMON_DATA" />
23-->src/main/AndroidManifest.xml:8:5-105
23-->src/main/AndroidManifest.xml:8:22-103
24    <uses-permission android:name="android.permission.ACCESS_COARSE_LOCATION" />
24-->src/main/AndroidManifest.xml:9:5-80
24-->src/main/AndroidManifest.xml:9:22-78
25    <uses-permission android:name="android.permission.ACCESS_FINE_LOCATION" />
25-->src/main/AndroidManifest.xml:10:5-78
25-->src/main/AndroidManifest.xml:10:22-76
26    <uses-permission android:name="android.permission.WAKE_LOCK" /> <!-- Permissions options for the `notification` group -->
26-->[:firebase_messaging] AndroidManifest.xml:10:5-68
26-->[:firebase_messaging] AndroidManifest.xml:10:22-65
27    <uses-permission android:name="android.permission.POST_NOTIFICATIONS" />
27-->[:firebase_messaging] AndroidManifest.xml:13:5-77
27-->[:firebase_messaging] AndroidManifest.xml:13:22-74
28    <uses-permission android:name="android.permission.RECEIVE_BOOT_COMPLETED" />
28-->[:flutter_local_notifications] AndroidManifest.xml:9:5-81
28-->[:flutter_local_notifications] AndroidManifest.xml:9:22-78
29    <uses-permission android:name="android.permission.VIBRATE" />
29-->[:flutter_local_notifications] AndroidManifest.xml:10:5-66
29-->[:flutter_local_notifications] AndroidManifest.xml:10:22-63
30    <uses-permission android:name="android.permission.USE_FULL_SCREEN_INTENT" />
30-->[:flutter_local_notifications] AndroidManifest.xml:11:5-81
30-->[:flutter_local_notifications] AndroidManifest.xml:11:22-78
31    <uses-permission android:name="android.permission.SCHEDULE_EXACT_ALARM" />
31-->[:flutter_local_notifications] AndroidManifest.xml:12:5-79
31-->[:flutter_local_notifications] AndroidManifest.xml:12:22-76
32    <uses-permission
32-->[:open_filex] AndroidManifest.xml:10:5-12:38
33        android:name="android.permission.READ_EXTERNAL_STORAGE"
33-->[:open_filex] AndroidManifest.xml:11:9-64
34        android:maxSdkVersion="32" />
34-->[:open_filex] AndroidManifest.xml:12:9-35
35    <uses-permission android:name="android.permission.READ_MEDIA_IMAGES" />
35-->[:open_filex] AndroidManifest.xml:13:5-76
35-->[:open_filex] AndroidManifest.xml:13:22-73
36    <uses-permission android:name="android.permission.READ_MEDIA_VIDEO" />
36-->[:open_filex] AndroidManifest.xml:14:5-75
36-->[:open_filex] AndroidManifest.xml:14:22-72
37    <uses-permission android:name="android.permission.READ_MEDIA_AUDIO" />
37-->[:open_filex] AndroidManifest.xml:15:5-75
37-->[:open_filex] AndroidManifest.xml:15:22-72
38    <uses-permission android:name="android.permission.WRITE_EXTERNAL_STORAGE" />
38-->[:video_compress] AndroidManifest.xml:9:5-81
38-->[:video_compress] AndroidManifest.xml:9:22-78
39
40    <uses-feature
40-->[com.google.android.gms:play-services-maps:18.1.0] AndroidManifest.xml:26:5-28:35
41        android:glEsVersion="0x00020000"
41-->[com.google.android.gms:play-services-maps:18.1.0] AndroidManifest.xml:27:9-41
42        android:required="true" /> <!-- Required by older versions of Google Play services to create IID tokens -->
42-->[com.google.android.gms:play-services-maps:18.1.0] AndroidManifest.xml:28:9-32
43    <uses-permission android:name="com.google.android.c2dm.permission.RECEIVE" />
43-->[com.google.firebase:firebase-messaging:23.1.2] AndroidManifest.xml:28:5-82
43-->[com.google.firebase:firebase-messaging:23.1.2] AndroidManifest.xml:28:22-79
44    <uses-permission android:name="com.google.android.gms.permission.AD_ID" />
44-->[com.google.android.gms:play-services-measurement-api:21.2.2] AndroidManifest.xml:25:5-79
44-->[com.google.android.gms:play-services-measurement-api:21.2.2] AndroidManifest.xml:25:22-76
45    <uses-permission android:name="com.google.android.finsky.permission.BIND_GET_INSTALL_REFERRER_SERVICE" />
45-->[com.google.android.gms:play-services-measurement:21.2.2] AndroidManifest.xml:26:5-110
45-->[com.google.android.gms:play-services-measurement:21.2.2] AndroidManifest.xml:26:22-107
46
47    <permission
47-->[androidx.core:core:1.10.1] AndroidManifest.xml:22:5-24:47
48        android:name="com.spotx.owner.DYNAMIC_RECEIVER_NOT_EXPORTED_PERMISSION"
48-->[androidx.core:core:1.10.1] AndroidManifest.xml:23:9-81
49        android:protectionLevel="signature" />
49-->[androidx.core:core:1.10.1] AndroidManifest.xml:24:9-44
50
51    <uses-permission android:name="com.spotx.owner.DYNAMIC_RECEIVER_NOT_EXPORTED_PERMISSION" />
51-->[androidx.core:core:1.10.1] AndroidManifest.xml:26:5-97
51-->[androidx.core:core:1.10.1] AndroidManifest.xml:26:22-94
52
53    <application
53-->src/main/AndroidManifest.xml:11:4-61:19
54        android:allowBackup="false"
54-->src/main/AndroidManifest.xml:13:9-36
55        android:appComponentFactory="androidx.core.app.CoreComponentFactory"
55-->[androidx.core:core:1.10.1] AndroidManifest.xml:28:18-86
56        android:debuggable="true"
57        android:extractNativeLibs="false"
58        android:icon="@mipmap/launcher_icon"
58-->src/main/AndroidManifest.xml:15:9-45
59        android:label="Owner"
59-->src/main/AndroidManifest.xml:12:9-30
60        android:roundIcon="@mipmap/ic_launcher_round" >
60-->src/main/AndroidManifest.xml:14:8-53
61        <meta-data
61-->src/main/AndroidManifest.xml:16:8-17:69
62            android:name="com.google.android.geo.API_KEY"
62-->src/main/AndroidManifest.xml:16:19-64
63            android:value="AIzaSyBM6oDJmN4CA3NbENg1IMDlK2KinpZOuLI" />
63-->src/main/AndroidManifest.xml:17:12-67
64
65        <activity
65-->src/main/AndroidManifest.xml:18:9-55:20
66            android:name="com.spotx.owner.MainActivity"
66-->src/main/AndroidManifest.xml:19:13-41
67            android:configChanges="orientation|keyboardHidden|keyboard|screenSize|smallestScreenSize|locale|layoutDirection|fontScale|screenLayout|density|uiMode"
67-->src/main/AndroidManifest.xml:22:13-163
68            android:exported="true"
68-->src/main/AndroidManifest.xml:24:13-36
69            android:hardwareAccelerated="true"
69-->src/main/AndroidManifest.xml:23:13-47
70            android:launchMode="singleTop"
70-->src/main/AndroidManifest.xml:20:13-43
71            android:theme="@style/LaunchTheme"
71-->src/main/AndroidManifest.xml:21:13-47
72            android:windowSoftInputMode="adjustResize" >
72-->src/main/AndroidManifest.xml:25:13-55
73
74            <!--
75                 Specifies an Android theme to apply to this Activity as soon as
76                 the Android process has started. This theme is visible to the user
77                 while the Flutter UI initializes. After that, this theme continues
78                 to determine the Window background behind the Flutter UI.
79            -->
80            <meta-data
80-->src/main/AndroidManifest.xml:30:13-33:17
81                android:name="io.flutter.embedding.android.NormalTheme"
81-->src/main/AndroidManifest.xml:31:15-70
82                android:resource="@style/NormalTheme" />
82-->src/main/AndroidManifest.xml:32:15-52
83            <!--
84                 Displays an Android View that continues showing the launch screen
85                 Drawable until Flutter paints its first frame, then this splash
86                 screen fades out. A splash screen is useful to avoid any visual
87                 gap between the end of Android's launch screen and the painting of
88                 Flutter's first frame.
89            -->
90            <meta-data
90-->src/main/AndroidManifest.xml:39:13-42:17
91                android:name="io.flutter.embedding.android.SplashScreenDrawable"
91-->src/main/AndroidManifest.xml:40:15-79
92                android:resource="@drawable/launch_background" />
92-->src/main/AndroidManifest.xml:41:15-61
93
94            <intent-filter>
94-->src/main/AndroidManifest.xml:43:13-46:29
95                <action android:name="android.intent.action.MAIN" />
95-->src/main/AndroidManifest.xml:44:17-68
95-->src/main/AndroidManifest.xml:44:25-66
96
97                <category android:name="android.intent.category.LAUNCHER" />
97-->src/main/AndroidManifest.xml:45:17-76
97-->src/main/AndroidManifest.xml:45:27-74
98            </intent-filter>
99
100            <meta-data
100-->src/main/AndroidManifest.xml:47:13-90
101                android:name="flutter_deeplinking_enabled"
101-->src/main/AndroidManifest.xml:47:24-66
102                android:value="true" />
102-->src/main/AndroidManifest.xml:47:67-87
103
104            <intent-filter android:autoVerify="true" >
104-->src/main/AndroidManifest.xml:48:13-54:29
104-->src/main/AndroidManifest.xml:48:28-53
105                <action android:name="android.intent.action.VIEW" />
105-->src/main/AndroidManifest.xml:49:17-69
105-->src/main/AndroidManifest.xml:49:25-66
106
107                <category android:name="android.intent.category.DEFAULT" />
107-->src/main/AndroidManifest.xml:50:17-76
107-->src/main/AndroidManifest.xml:50:27-73
108                <category android:name="android.intent.category.BROWSABLE" />
108-->src/main/AndroidManifest.xml:51:17-78
108-->src/main/AndroidManifest.xml:51:27-75
109
110                <data
110-->src/main/AndroidManifest.xml:52:17-86
111                    android:host="https://spotx.page.link"
111-->src/main/AndroidManifest.xml:52:45-83
112                    android:scheme="http" />
112-->src/main/AndroidManifest.xml:52:23-44
113                <data android:scheme="https" />
113-->src/main/AndroidManifest.xml:52:17-86
113-->src/main/AndroidManifest.xml:52:23-44
114            </intent-filter>
115        </activity>
116        <!--
117             Don't delete the meta-data below.
118             This is used by the Flutter tool to generate GeneratedPluginRegistrant.java
119        -->
120        <meta-data
120-->src/main/AndroidManifest.xml:58:9-60:33
121            android:name="flutterEmbedding"
121-->src/main/AndroidManifest.xml:59:13-44
122            android:value="2" />
122-->src/main/AndroidManifest.xml:60:13-30
123
124        <service
124-->[:firebase_messaging] AndroidManifest.xml:16:9-19:72
125            android:name="io.flutter.plugins.firebase.messaging.FlutterFirebaseMessagingBackgroundService"
125-->[:firebase_messaging] AndroidManifest.xml:17:13-107
126            android:exported="false"
126-->[:firebase_messaging] AndroidManifest.xml:18:13-37
127            android:permission="android.permission.BIND_JOB_SERVICE" />
127-->[:firebase_messaging] AndroidManifest.xml:19:13-69
128        <service
128-->[:firebase_messaging] AndroidManifest.xml:20:9-26:19
129            android:name="io.flutter.plugins.firebase.messaging.FlutterFirebaseMessagingService"
129-->[:firebase_messaging] AndroidManifest.xml:21:13-97
130            android:exported="false" >
130-->[:firebase_messaging] AndroidManifest.xml:22:13-37
131            <intent-filter>
131-->[:firebase_messaging] AndroidManifest.xml:23:13-25:29
132                <action android:name="com.google.firebase.MESSAGING_EVENT" />
132-->[:firebase_messaging] AndroidManifest.xml:24:17-78
132-->[:firebase_messaging] AndroidManifest.xml:24:25-75
133            </intent-filter>
134        </service>
135
136        <receiver
136-->[:firebase_messaging] AndroidManifest.xml:28:9-35:20
137            android:name="io.flutter.plugins.firebase.messaging.FlutterFirebaseMessagingReceiver"
137-->[:firebase_messaging] AndroidManifest.xml:29:13-98
138            android:exported="true"
138-->[:firebase_messaging] AndroidManifest.xml:30:13-36
139            android:permission="com.google.android.c2dm.permission.SEND" >
139-->[:firebase_messaging] AndroidManifest.xml:31:13-73
140            <intent-filter>
140-->[:firebase_messaging] AndroidManifest.xml:32:13-34:29
141                <action android:name="com.google.android.c2dm.intent.RECEIVE" />
141-->[:firebase_messaging] AndroidManifest.xml:33:17-81
141-->[:firebase_messaging] AndroidManifest.xml:33:25-78
142            </intent-filter>
143        </receiver>
144
145        <service
145-->[:firebase_messaging] AndroidManifest.xml:37:9-41:19
146            android:name="com.google.firebase.components.ComponentDiscoveryService"
146-->[:firebase_messaging] AndroidManifest.xml:37:18-89
147            android:directBootAware="true"
147-->[com.google.firebase:firebase-common:20.3.2] AndroidManifest.xml:34:13-43
148            android:exported="false" >
148-->[com.google.firebase:firebase-messaging:23.1.2] AndroidManifest.xml:54:13-37
149            <meta-data
149-->[:firebase_messaging] AndroidManifest.xml:38:13-40:85
150                android:name="com.google.firebase.components:io.flutter.plugins.firebase.messaging.FlutterFirebaseAppRegistrar"
150-->[:firebase_messaging] AndroidManifest.xml:39:17-128
151                android:value="com.google.firebase.components.ComponentRegistrar" />
151-->[:firebase_messaging] AndroidManifest.xml:40:17-82
152            <meta-data
152-->[:firebase_crashlytics] AndroidManifest.xml:11:13-13:85
153                android:name="com.google.firebase.components:io.flutter.plugins.firebase.crashlytics.FlutterFirebaseAppRegistrar"
153-->[:firebase_crashlytics] AndroidManifest.xml:12:17-130
154                android:value="com.google.firebase.components.ComponentRegistrar" />
154-->[:firebase_crashlytics] AndroidManifest.xml:13:17-82
155            <meta-data
155-->[:firebase_dynamic_links] AndroidManifest.xml:13:13-15:85
156                android:name="com.google.firebase.components:io.flutter.plugins.firebase.dynamiclinks.FlutterFirebaseAppRegistrar"
156-->[:firebase_dynamic_links] AndroidManifest.xml:14:17-131
157                android:value="com.google.firebase.components.ComponentRegistrar" />
157-->[:firebase_dynamic_links] AndroidManifest.xml:15:17-82
158            <meta-data
158-->[:firebase_analytics] AndroidManifest.xml:15:13-17:85
159                android:name="com.google.firebase.components:io.flutter.plugins.firebase.analytics.FlutterFirebaseAppRegistrar"
159-->[:firebase_analytics] AndroidManifest.xml:16:17-128
160                android:value="com.google.firebase.components.ComponentRegistrar" />
160-->[:firebase_analytics] AndroidManifest.xml:17:17-82
161            <meta-data
161-->[:firebase_remote_config] AndroidManifest.xml:11:13-13:85
162                android:name="com.google.firebase.components:io.flutter.plugins.firebase.firebaseremoteconfig.FlutterFirebaseAppRegistrar"
162-->[:firebase_remote_config] AndroidManifest.xml:12:17-139
163                android:value="com.google.firebase.components.ComponentRegistrar" />
163-->[:firebase_remote_config] AndroidManifest.xml:13:17-82
164            <meta-data
164-->[:firebase_core] AndroidManifest.xml:11:13-13:85
165                android:name="com.google.firebase.components:io.flutter.plugins.firebase.core.FlutterFirebaseCoreRegistrar"
165-->[:firebase_core] AndroidManifest.xml:12:17-124
166                android:value="com.google.firebase.components.ComponentRegistrar" />
166-->[:firebase_core] AndroidManifest.xml:13:17-82
167            <meta-data
167-->[com.google.firebase:firebase-messaging:23.1.2] AndroidManifest.xml:55:13-57:85
168                android:name="com.google.firebase.components:com.google.firebase.messaging.FirebaseMessagingRegistrar"
168-->[com.google.firebase:firebase-messaging:23.1.2] AndroidManifest.xml:56:17-119
169                android:value="com.google.firebase.components.ComponentRegistrar" />
169-->[com.google.firebase:firebase-messaging:23.1.2] AndroidManifest.xml:57:17-82
170            <meta-data
170-->[com.google.firebase:firebase-dynamic-links:21.1.0] AndroidManifest.xml:26:13-28:85
171                android:name="com.google.firebase.components:com.google.firebase.dynamiclinks.internal.FirebaseDynamicLinkRegistrar"
171-->[com.google.firebase:firebase-dynamic-links:21.1.0] AndroidManifest.xml:27:17-133
172                android:value="com.google.firebase.components.ComponentRegistrar" />
172-->[com.google.firebase:firebase-dynamic-links:21.1.0] AndroidManifest.xml:28:17-82
173            <meta-data
173-->[com.google.firebase:firebase-iid:21.1.0] AndroidManifest.xml:32:13-34:85
174                android:name="com.google.firebase.components:com.google.firebase.iid.Registrar"
174-->[com.google.firebase:firebase-iid:21.1.0] AndroidManifest.xml:33:17-96
175                android:value="com.google.firebase.components.ComponentRegistrar" />
175-->[com.google.firebase:firebase-iid:21.1.0] AndroidManifest.xml:34:17-82
176            <meta-data
176-->[com.google.firebase:firebase-config:21.3.0] AndroidManifest.xml:31:13-33:85
177                android:name="com.google.firebase.components:com.google.firebase.remoteconfig.RemoteConfigRegistrar"
177-->[com.google.firebase:firebase-config:21.3.0] AndroidManifest.xml:32:17-117
178                android:value="com.google.firebase.components.ComponentRegistrar" />
178-->[com.google.firebase:firebase-config:21.3.0] AndroidManifest.xml:33:17-82
179            <meta-data
179-->[com.google.firebase:firebase-crashlytics:18.3.6] AndroidManifest.xml:17:13-19:85
180                android:name="com.google.firebase.components:com.google.firebase.crashlytics.CrashlyticsRegistrar"
180-->[com.google.firebase:firebase-crashlytics:18.3.6] AndroidManifest.xml:18:17-115
181                android:value="com.google.firebase.components.ComponentRegistrar" />
181-->[com.google.firebase:firebase-crashlytics:18.3.6] AndroidManifest.xml:19:17-82
182            <meta-data
182-->[com.google.android.gms:play-services-measurement-api:21.2.2] AndroidManifest.xml:31:13-33:85
183                android:name="com.google.firebase.components:com.google.firebase.analytics.connector.internal.AnalyticsConnectorRegistrar"
183-->[com.google.android.gms:play-services-measurement-api:21.2.2] AndroidManifest.xml:32:17-139
184                android:value="com.google.firebase.components.ComponentRegistrar" />
184-->[com.google.android.gms:play-services-measurement-api:21.2.2] AndroidManifest.xml:33:17-82
185            <meta-data
185-->[com.google.firebase:firebase-installations:17.1.3] AndroidManifest.xml:17:13-19:85
186                android:name="com.google.firebase.components:com.google.firebase.installations.FirebaseInstallationsRegistrar"
186-->[com.google.firebase:firebase-installations:17.1.3] AndroidManifest.xml:18:17-127
187                android:value="com.google.firebase.components.ComponentRegistrar" />
187-->[com.google.firebase:firebase-installations:17.1.3] AndroidManifest.xml:19:17-82
188            <meta-data
188-->[com.google.firebase:firebase-abt:21.1.1] AndroidManifest.xml:12:13-14:85
189                android:name="com.google.firebase.components:com.google.firebase.abt.component.AbtRegistrar"
189-->[com.google.firebase:firebase-abt:21.1.1] AndroidManifest.xml:13:17-109
190                android:value="com.google.firebase.components.ComponentRegistrar" />
190-->[com.google.firebase:firebase-abt:21.1.1] AndroidManifest.xml:14:17-82
191            <meta-data
191-->[com.google.firebase:firebase-datatransport:18.1.7] AndroidManifest.xml:27:13-29:85
192                android:name="com.google.firebase.components:com.google.firebase.datatransport.TransportRegistrar"
192-->[com.google.firebase:firebase-datatransport:18.1.7] AndroidManifest.xml:28:17-115
193                android:value="com.google.firebase.components.ComponentRegistrar" />
193-->[com.google.firebase:firebase-datatransport:18.1.7] AndroidManifest.xml:29:17-82
194        </service>
195
196        <provider
196-->[:firebase_messaging] AndroidManifest.xml:43:9-47:38
197            android:name="io.flutter.plugins.firebase.messaging.FlutterFirebaseMessagingInitProvider"
197-->[:firebase_messaging] AndroidManifest.xml:44:13-102
198            android:authorities="com.spotx.owner.flutterfirebasemessaginginitprovider"
198-->[:firebase_messaging] AndroidManifest.xml:45:13-88
199            android:exported="false"
199-->[:firebase_messaging] AndroidManifest.xml:46:13-37
200            android:initOrder="99" />
200-->[:firebase_messaging] AndroidManifest.xml:47:13-35
201
202        <receiver
202-->[:flutter_local_notifications] AndroidManifest.xml:16:9-18:40
203            android:name="com.dexterous.flutterlocalnotifications.ActionBroadcastReceiver"
203-->[:flutter_local_notifications] AndroidManifest.xml:17:13-91
204            android:exported="false" />
204-->[:flutter_local_notifications] AndroidManifest.xml:18:13-37
205        <receiver
205-->[:flutter_local_notifications] AndroidManifest.xml:19:9-21:40
206            android:name="com.dexterous.flutterlocalnotifications.ScheduledNotificationReceiver"
206-->[:flutter_local_notifications] AndroidManifest.xml:20:13-97
207            android:exported="false" />
207-->[:flutter_local_notifications] AndroidManifest.xml:21:13-37
208        <receiver
208-->[:flutter_local_notifications] AndroidManifest.xml:22:9-31:20
209            android:name="com.dexterous.flutterlocalnotifications.ScheduledNotificationBootReceiver"
209-->[:flutter_local_notifications] AndroidManifest.xml:23:13-101
210            android:exported="false" >
210-->[:flutter_local_notifications] AndroidManifest.xml:24:13-37
211            <intent-filter>
211-->[:flutter_local_notifications] AndroidManifest.xml:25:13-30:29
212                <action android:name="android.intent.action.BOOT_COMPLETED" />
212-->[:flutter_local_notifications] AndroidManifest.xml:26:17-79
212-->[:flutter_local_notifications] AndroidManifest.xml:26:25-76
213                <action android:name="android.intent.action.MY_PACKAGE_REPLACED" />
213-->[:flutter_local_notifications] AndroidManifest.xml:27:17-84
213-->[:flutter_local_notifications] AndroidManifest.xml:27:25-81
214                <action android:name="android.intent.action.QUICKBOOT_POWERON" />
214-->[:flutter_local_notifications] AndroidManifest.xml:28:17-82
214-->[:flutter_local_notifications] AndroidManifest.xml:28:25-79
215                <action android:name="com.htc.intent.action.QUICKBOOT_POWERON" />
215-->[:flutter_local_notifications] AndroidManifest.xml:29:17-82
215-->[:flutter_local_notifications] AndroidManifest.xml:29:25-79
216            </intent-filter>
217        </receiver>
218        <!--
219           Declares a provider which allows us to store files to share in
220           '.../caches/share_plus' and grant the receiving action access
221        -->
222        <provider
222-->[:share_plus] AndroidManifest.xml:15:9-23:20
223            android:name="dev.fluttercommunity.plus.share.ShareFileProvider"
223-->[:share_plus] AndroidManifest.xml:16:13-77
224            android:authorities="com.spotx.owner.flutter.share_provider"
224-->[:share_plus] AndroidManifest.xml:17:13-74
225            android:exported="false"
225-->[:share_plus] AndroidManifest.xml:18:13-37
226            android:grantUriPermissions="true" >
226-->[:share_plus] AndroidManifest.xml:19:13-47
227            <meta-data
227-->[:share_plus] AndroidManifest.xml:20:13-22:68
228                android:name="android.support.FILE_PROVIDER_PATHS"
228-->[:share_plus] AndroidManifest.xml:21:17-67
229                android:resource="@xml/flutter_share_file_paths" />
229-->[:share_plus] AndroidManifest.xml:22:17-65
230        </provider>
231        <!--
232           This manifest declared broadcast receiver allows us to use an explicit
233           Intent when creating a PendingItent to be informed of the user's choice
234        -->
235        <receiver
235-->[:share_plus] AndroidManifest.xml:28:9-34:20
236            android:name="dev.fluttercommunity.plus.share.SharePlusPendingIntent"
236-->[:share_plus] AndroidManifest.xml:29:13-82
237            android:exported="false" >
237-->[:share_plus] AndroidManifest.xml:30:13-37
238            <intent-filter>
238-->[:share_plus] AndroidManifest.xml:31:13-33:29
239                <action android:name="EXTRA_CHOSEN_COMPONENT" />
239-->[:share_plus] AndroidManifest.xml:32:17-65
239-->[:share_plus] AndroidManifest.xml:32:25-62
240            </intent-filter>
241        </receiver>
242
243        <provider
243-->[:image_picker_android] AndroidManifest.xml:10:9-18:20
244            android:name="io.flutter.plugins.imagepicker.ImagePickerFileProvider"
244-->[:image_picker_android] AndroidManifest.xml:11:13-82
245            android:authorities="com.spotx.owner.flutter.image_provider"
245-->[:image_picker_android] AndroidManifest.xml:12:13-74
246            android:exported="false"
246-->[:image_picker_android] AndroidManifest.xml:13:13-37
247            android:grantUriPermissions="true" >
247-->[:image_picker_android] AndroidManifest.xml:14:13-47
248            <meta-data
248-->[:share_plus] AndroidManifest.xml:20:13-22:68
249                android:name="android.support.FILE_PROVIDER_PATHS"
249-->[:share_plus] AndroidManifest.xml:21:17-67
250                android:resource="@xml/flutter_image_picker_file_paths" />
250-->[:share_plus] AndroidManifest.xml:22:17-65
251        </provider>
252
253        <activity
253-->[:url_launcher_android] AndroidManifest.xml:10:9-13:74
254            android:name="io.flutter.plugins.urllauncher.WebViewActivity"
254-->[:url_launcher_android] AndroidManifest.xml:11:13-74
255            android:exported="false"
255-->[:url_launcher_android] AndroidManifest.xml:12:13-37
256            android:theme="@android:style/Theme.NoTitleBar.Fullscreen" />
256-->[:url_launcher_android] AndroidManifest.xml:13:13-71
257
258        <provider
258-->[:open_filex] AndroidManifest.xml:18:9-27:20
259            android:name="com.crazecoder.openfile.FileProvider"
259-->[:open_filex] AndroidManifest.xml:19:13-64
260            android:authorities="com.spotx.owner.fileProvider.com.crazecoder.openfile"
260-->[:open_filex] AndroidManifest.xml:20:13-88
261            android:exported="false"
261-->[:open_filex] AndroidManifest.xml:21:13-37
262            android:grantUriPermissions="true" >
262-->[:open_filex] AndroidManifest.xml:22:13-47
263            <meta-data
263-->[:share_plus] AndroidManifest.xml:20:13-22:68
264                android:name="android.support.FILE_PROVIDER_PATHS"
264-->[:share_plus] AndroidManifest.xml:21:17-67
265                android:resource="@xml/filepaths" />
265-->[:share_plus] AndroidManifest.xml:22:17-65
266        </provider> <!-- Needs to be explicitly declared on P+ -->
267        <uses-library
267-->[com.google.android.gms:play-services-maps:18.1.0] AndroidManifest.xml:39:9-41:40
268            android:name="org.apache.http.legacy"
268-->[com.google.android.gms:play-services-maps:18.1.0] AndroidManifest.xml:40:13-50
269            android:required="false" />
269-->[com.google.android.gms:play-services-maps:18.1.0] AndroidManifest.xml:41:13-37
270
271        <receiver
271-->[com.google.firebase:firebase-messaging:23.1.2] AndroidManifest.xml:31:9-38:20
272            android:name="com.google.firebase.iid.FirebaseInstanceIdReceiver"
272-->[com.google.firebase:firebase-messaging:23.1.2] AndroidManifest.xml:32:13-78
273            android:exported="true"
273-->[com.google.firebase:firebase-messaging:23.1.2] AndroidManifest.xml:33:13-36
274            android:permission="com.google.android.c2dm.permission.SEND" >
274-->[com.google.firebase:firebase-messaging:23.1.2] AndroidManifest.xml:34:13-73
275            <intent-filter>
275-->[:firebase_messaging] AndroidManifest.xml:32:13-34:29
276                <action android:name="com.google.android.c2dm.intent.RECEIVE" />
276-->[:firebase_messaging] AndroidManifest.xml:33:17-81
276-->[:firebase_messaging] AndroidManifest.xml:33:25-78
277            </intent-filter>
278        </receiver>
279        <!--
280             FirebaseMessagingService performs security checks at runtime,
281             but set to not exported to explicitly avoid allowing another app to call it.
282        -->
283        <service
283-->[com.google.firebase:firebase-messaging:23.1.2] AndroidManifest.xml:44:9-51:19
284            android:name="com.google.firebase.messaging.FirebaseMessagingService"
284-->[com.google.firebase:firebase-messaging:23.1.2] AndroidManifest.xml:45:13-82
285            android:directBootAware="true"
285-->[com.google.firebase:firebase-messaging:23.1.2] AndroidManifest.xml:46:13-43
286            android:exported="false" >
286-->[com.google.firebase:firebase-messaging:23.1.2] AndroidManifest.xml:47:13-37
287            <intent-filter android:priority="-500" >
287-->[:firebase_messaging] AndroidManifest.xml:23:13-25:29
288                <action android:name="com.google.firebase.MESSAGING_EVENT" />
288-->[:firebase_messaging] AndroidManifest.xml:24:17-78
288-->[:firebase_messaging] AndroidManifest.xml:24:25-75
289            </intent-filter>
290        </service>
291
292        <activity